Sat, 22 Apr 2023 15:45:48 GMT
dimonblank@gmail.com has signed up
----------------------------------------------------------------------------------------------------
Sat, 22 Apr 2023 15:49:36 GMT
dimonblank@gmail.com has logged in.
----------------------------------------------------------------------------------------------------
Sat, 22 Apr 2023 15:49:50 GMT
dimonblank@gmail.com has logged in.
----------------------------------------------------------------------------------------------------
Sat, 22 Apr 2023 16:58:59 GMT
dimonblank@gmail.com has logged in.
----------------------------------------------------------------------------------------------------
Sun, 23 Apr 2023 11:27:40 GMT
Alex@gmail.com has signed up
----------------------------------------------------------------------------------------------------
Sun, 23 Apr 2023 11:34:58 GMT
undefined has changed his details.
----------------------------------------------------------------------------------------------------
Sun, 23 Apr 2023 11:37:08 GMT
user id:2 has changed his details.
----------------------------------------------------------------------------------------------------
