Sat, 22 Apr 2023 15:37:09 GMT
ER_BAD_NULL_ERROR: Column 'idCardNumber' cannot be null
Stack: Error: ER_BAD_NULL_ERROR: Column 'idCardNumber' cannot be null
    at Query.Sequence._packetToError (C:\Users\dima\Downloads\לימודי FULL STACK\online-shop-market-express\Backend\node_modules\mysql\lib\protocol\sequences\Sequence.js:47:14)
    at Query.ErrorPacket (C:\Users\dima\Downloads\לימודי FULL STACK\online-shop-market-express\Backend\node_modules\mysql\lib\protocol\sequences\Query.js:79:18)
    at Protocol._parsePacket (C:\Users\dima\Downloads\לימודי FULL STACK\online-shop-market-express\Backend\node_modules\mysql\lib\protocol\Protocol.js:291:23)
    at Parser._parsePacket (C:\Users\dima\Downloads\לימודי FULL STACK\online-shop-market-express\Backend\node_modules\mysql\lib\protocol\Parser.js:433:10)
    at Parser.write (C:\Users\dima\Downloads\לימודי FULL STACK\online-shop-market-express\Backend\node_modules\mysql\lib\protocol\Parser.js:43:10)
    at Protocol.write (C:\Users\dima\Downloads\לימודי FULL STACK\online-shop-market-express\Backend\node_modules\mysql\lib\protocol\Protocol.js:38:16)
    at Socket.<anonymous> (C:\Users\dima\Downloads\לימודי FULL STACK\online-shop-market-express\Backend\node_modules\mysql\lib\Connection.js:88:28)
    at Socket.<anonymous> (C:\Users\dima\Downloads\לימודי FULL STACK\online-shop-market-express\Backend\node_modules\mysql\lib\Connection.js:526:10)
    at Socket.emit (node:events:513:28)
    at Socket.emit (node:domain:489:12)
    --------------------
    at Pool.query (C:\Users\dima\Downloads\לימודי FULL STACK\online-shop-market-express\Backend\node_modules\mysql\lib\Pool.js:199:23)
    at C:\Users\dima\Downloads\לימודי FULL STACK\online-shop-market-express\Backend\src\4-utils\dal.ts:18:20
    at new Promise (<anonymous>)
    at Object.execute (C:\Users\dima\Downloads\לימודי FULL STACK\online-shop-market-express\Backend\src\4-utils\dal.ts:15:12)
    at Object.<anonymous> (C:\Users\dima\Downloads\לימודי FULL STACK\online-shop-market-express\Backend\src\5-services\auth-services.ts:36:38)
    at Generator.next (<anonymous>)
    at fulfilled (C:\Users\dima\Downloads\לימודי FULL STACK\online-shop-market-express\Backend\src\5-services\auth-services.ts:5:58)
    at processTicksAndRejections (node:internal/process/task_queues:95:5)
----------------------------------------------------------------------------------------------------
Sat, 22 Apr 2023 15:38:16 GMT
ER_BAD_NULL_ERROR: Column 'idCardNumber' cannot be null
Stack: Error: ER_BAD_NULL_ERROR: Column 'idCardNumber' cannot be null
    at Query.Sequence._packetToError (C:\Users\dima\Downloads\לימודי FULL STACK\online-shop-market-express\Backend\node_modules\mysql\lib\protocol\sequences\Sequence.js:47:14)
    at Query.ErrorPacket (C:\Users\dima\Downloads\לימודי FULL STACK\online-shop-market-express\Backend\node_modules\mysql\lib\protocol\sequences\Query.js:79:18)
    at Protocol._parsePacket (C:\Users\dima\Downloads\לימודי FULL STACK\online-shop-market-express\Backend\node_modules\mysql\lib\protocol\Protocol.js:291:23)
    at Parser._parsePacket (C:\Users\dima\Downloads\לימודי FULL STACK\online-shop-market-express\Backend\node_modules\mysql\lib\protocol\Parser.js:433:10)
    at Parser.write (C:\Users\dima\Downloads\לימודי FULL STACK\online-shop-market-express\Backend\node_modules\mysql\lib\protocol\Parser.js:43:10)
    at Protocol.write (C:\Users\dima\Downloads\לימודי FULL STACK\online-shop-market-express\Backend\node_modules\mysql\lib\protocol\Protocol.js:38:16)
    at Socket.<anonymous> (C:\Users\dima\Downloads\לימודי FULL STACK\online-shop-market-express\Backend\node_modules\mysql\lib\Connection.js:88:28)
    at Socket.<anonymous> (C:\Users\dima\Downloads\לימודי FULL STACK\online-shop-market-express\Backend\node_modules\mysql\lib\Connection.js:526:10)
    at Socket.emit (node:events:513:28)
    at Socket.emit (node:domain:489:12)
    --------------------
    at Pool.query (C:\Users\dima\Downloads\לימודי FULL STACK\online-shop-market-express\Backend\node_modules\mysql\lib\Pool.js:199:23)
    at C:\Users\dima\Downloads\לימודי FULL STACK\online-shop-market-express\Backend\src\4-utils\dal.ts:18:20
    at new Promise (<anonymous>)
    at Object.execute (C:\Users\dima\Downloads\לימודי FULL STACK\online-shop-market-express\Backend\src\4-utils\dal.ts:15:12)
    at Object.<anonymous> (C:\Users\dima\Downloads\לימודי FULL STACK\online-shop-market-express\Backend\src\5-services\auth-services.ts:36:38)
    at Generator.next (<anonymous>)
    at fulfilled (C:\Users\dima\Downloads\לימודי FULL STACK\online-shop-market-express\Backend\src\5-services\auth-services.ts:5:58)
    at processTicksAndRejections (node:internal/process/task_queues:95:5)
----------------------------------------------------------------------------------------------------
Sat, 22 Apr 2023 15:38:38 GMT
ER_BAD_NULL_ERROR: Column 'idCardNumber' cannot be null
Stack: Error: ER_BAD_NULL_ERROR: Column 'idCardNumber' cannot be null
    at Query.Sequence._packetToError (C:\Users\dima\Downloads\לימודי FULL STACK\online-shop-market-express\Backend\node_modules\mysql\lib\protocol\sequences\Sequence.js:47:14)
    at Query.ErrorPacket (C:\Users\dima\Downloads\לימודי FULL STACK\online-shop-market-express\Backend\node_modules\mysql\lib\protocol\sequences\Query.js:79:18)
    at Protocol._parsePacket (C:\Users\dima\Downloads\לימודי FULL STACK\online-shop-market-express\Backend\node_modules\mysql\lib\protocol\Protocol.js:291:23)
    at Parser._parsePacket (C:\Users\dima\Downloads\לימודי FULL STACK\online-shop-market-express\Backend\node_modules\mysql\lib\protocol\Parser.js:433:10)
    at Parser.write (C:\Users\dima\Downloads\לימודי FULL STACK\online-shop-market-express\Backend\node_modules\mysql\lib\protocol\Parser.js:43:10)
    at Protocol.write (C:\Users\dima\Downloads\לימודי FULL STACK\online-shop-market-express\Backend\node_modules\mysql\lib\protocol\Protocol.js:38:16)
    at Socket.<anonymous> (C:\Users\dima\Downloads\לימודי FULL STACK\online-shop-market-express\Backend\node_modules\mysql\lib\Connection.js:88:28)
    at Socket.<anonymous> (C:\Users\dima\Downloads\לימודי FULL STACK\online-shop-market-express\Backend\node_modules\mysql\lib\Connection.js:526:10)
    at Socket.emit (node:events:513:28)
    at Socket.emit (node:domain:489:12)
    --------------------
    at Pool.query (C:\Users\dima\Downloads\לימודי FULL STACK\online-shop-market-express\Backend\node_modules\mysql\lib\Pool.js:199:23)
    at C:\Users\dima\Downloads\לימודי FULL STACK\online-shop-market-express\Backend\src\4-utils\dal.ts:18:20
    at new Promise (<anonymous>)
    at Object.execute (C:\Users\dima\Downloads\לימודי FULL STACK\online-shop-market-express\Backend\src\4-utils\dal.ts:15:12)
    at Object.<anonymous> (C:\Users\dima\Downloads\לימודי FULL STACK\online-shop-market-express\Backend\src\5-services\auth-services.ts:36:38)
    at Generator.next (<anonymous>)
    at fulfilled (C:\Users\dima\Downloads\לימודי FULL STACK\online-shop-market-express\Backend\src\5-services\auth-services.ts:5:58)
    at processTicksAndRejections (node:internal/process/task_queues:95:5)
----------------------------------------------------------------------------------------------------
Sat, 22 Apr 2023 15:42:19 GMT
ER_BAD_NULL_ERROR: Column 'idCardNumber' cannot be null
Stack: Error: ER_BAD_NULL_ERROR: Column 'idCardNumber' cannot be null
    at Query.Sequence._packetToError (C:\Users\dima\Downloads\לימודי FULL STACK\online-shop-market-express\Backend\node_modules\mysql\lib\protocol\sequences\Sequence.js:47:14)
    at Query.ErrorPacket (C:\Users\dima\Downloads\לימודי FULL STACK\online-shop-market-express\Backend\node_modules\mysql\lib\protocol\sequences\Query.js:79:18)
    at Protocol._parsePacket (C:\Users\dima\Downloads\לימודי FULL STACK\online-shop-market-express\Backend\node_modules\mysql\lib\protocol\Protocol.js:291:23)
    at Parser._parsePacket (C:\Users\dima\Downloads\לימודי FULL STACK\online-shop-market-express\Backend\node_modules\mysql\lib\protocol\Parser.js:433:10)
    at Parser.write (C:\Users\dima\Downloads\לימודי FULL STACK\online-shop-market-express\Backend\node_modules\mysql\lib\protocol\Parser.js:43:10)
    at Protocol.write (C:\Users\dima\Downloads\לימודי FULL STACK\online-shop-market-express\Backend\node_modules\mysql\lib\protocol\Protocol.js:38:16)
    at Socket.<anonymous> (C:\Users\dima\Downloads\לימודי FULL STACK\online-shop-market-express\Backend\node_modules\mysql\lib\Connection.js:88:28)
    at Socket.<anonymous> (C:\Users\dima\Downloads\לימודי FULL STACK\online-shop-market-express\Backend\node_modules\mysql\lib\Connection.js:526:10)
    at Socket.emit (node:events:513:28)
    at Socket.emit (node:domain:489:12)
    --------------------
    at Pool.query (C:\Users\dima\Downloads\לימודי FULL STACK\online-shop-market-express\Backend\node_modules\mysql\lib\Pool.js:199:23)
    at C:\Users\dima\Downloads\לימודי FULL STACK\online-shop-market-express\Backend\src\4-utils\dal.ts:18:20
    at new Promise (<anonymous>)
    at Object.execute (C:\Users\dima\Downloads\לימודי FULL STACK\online-shop-market-express\Backend\src\4-utils\dal.ts:15:12)
    at Object.<anonymous> (C:\Users\dima\Downloads\לימודי FULL STACK\online-shop-market-express\Backend\src\5-services\auth-services.ts:36:38)
    at Generator.next (<anonymous>)
    at fulfilled (C:\Users\dima\Downloads\לימודי FULL STACK\online-shop-market-express\Backend\src\5-services\auth-services.ts:5:58)
    at processTicksAndRejections (node:internal/process/task_queues:95:5)
----------------------------------------------------------------------------------------------------
Sat, 22 Apr 2023 15:42:25 GMT
ER_BAD_NULL_ERROR: Column 'idCardNumber' cannot be null
Stack: Error: ER_BAD_NULL_ERROR: Column 'idCardNumber' cannot be null
    at Query.Sequence._packetToError (C:\Users\dima\Downloads\לימודי FULL STACK\online-shop-market-express\Backend\node_modules\mysql\lib\protocol\sequences\Sequence.js:47:14)
    at Query.ErrorPacket (C:\Users\dima\Downloads\לימודי FULL STACK\online-shop-market-express\Backend\node_modules\mysql\lib\protocol\sequences\Query.js:79:18)
    at Protocol._parsePacket (C:\Users\dima\Downloads\לימודי FULL STACK\online-shop-market-express\Backend\node_modules\mysql\lib\protocol\Protocol.js:291:23)
    at Parser._parsePacket (C:\Users\dima\Downloads\לימודי FULL STACK\online-shop-market-express\Backend\node_modules\mysql\lib\protocol\Parser.js:433:10)
    at Parser.write (C:\Users\dima\Downloads\לימודי FULL STACK\online-shop-market-express\Backend\node_modules\mysql\lib\protocol\Parser.js:43:10)
    at Protocol.write (C:\Users\dima\Downloads\לימודי FULL STACK\online-shop-market-express\Backend\node_modules\mysql\lib\protocol\Protocol.js:38:16)
    at Socket.<anonymous> (C:\Users\dima\Downloads\לימודי FULL STACK\online-shop-market-express\Backend\node_modules\mysql\lib\Connection.js:88:28)
    at Socket.<anonymous> (C:\Users\dima\Downloads\לימודי FULL STACK\online-shop-market-express\Backend\node_modules\mysql\lib\Connection.js:526:10)
    at Socket.emit (node:events:513:28)
    at Socket.emit (node:domain:489:12)
    --------------------
    at Pool.query (C:\Users\dima\Downloads\לימודי FULL STACK\online-shop-market-express\Backend\node_modules\mysql\lib\Pool.js:199:23)
    at C:\Users\dima\Downloads\לימודי FULL STACK\online-shop-market-express\Backend\src\4-utils\dal.ts:18:20
    at new Promise (<anonymous>)
    at Object.execute (C:\Users\dima\Downloads\לימודי FULL STACK\online-shop-market-express\Backend\src\4-utils\dal.ts:15:12)
    at Object.<anonymous> (C:\Users\dima\Downloads\לימודי FULL STACK\online-shop-market-express\Backend\src\5-services\auth-services.ts:36:38)
    at Generator.next (<anonymous>)
    at fulfilled (C:\Users\dima\Downloads\לימודי FULL STACK\online-shop-market-express\Backend\src\5-services\auth-services.ts:5:58)
    at processTicksAndRejections (node:internal/process/task_queues:95:5)
----------------------------------------------------------------------------------------------------
Sat, 22 Apr 2023 15:43:13 GMT
ER_BAD_NULL_ERROR: Column 'city' cannot be null
Stack: Error: ER_BAD_NULL_ERROR: Column 'city' cannot be null
    at Query.Sequence._packetToError (C:\Users\dima\Downloads\לימודי FULL STACK\online-shop-market-express\Backend\node_modules\mysql\lib\protocol\sequences\Sequence.js:47:14)
    at Query.ErrorPacket (C:\Users\dima\Downloads\לימודי FULL STACK\online-shop-market-express\Backend\node_modules\mysql\lib\protocol\sequences\Query.js:79:18)
    at Protocol._parsePacket (C:\Users\dima\Downloads\לימודי FULL STACK\online-shop-market-express\Backend\node_modules\mysql\lib\protocol\Protocol.js:291:23)
    at Parser._parsePacket (C:\Users\dima\Downloads\לימודי FULL STACK\online-shop-market-express\Backend\node_modules\mysql\lib\protocol\Parser.js:433:10)
    at Parser.write (C:\Users\dima\Downloads\לימודי FULL STACK\online-shop-market-express\Backend\node_modules\mysql\lib\protocol\Parser.js:43:10)
    at Protocol.write (C:\Users\dima\Downloads\לימודי FULL STACK\online-shop-market-express\Backend\node_modules\mysql\lib\protocol\Protocol.js:38:16)
    at Socket.<anonymous> (C:\Users\dima\Downloads\לימודי FULL STACK\online-shop-market-express\Backend\node_modules\mysql\lib\Connection.js:88:28)
    at Socket.<anonymous> (C:\Users\dima\Downloads\לימודי FULL STACK\online-shop-market-express\Backend\node_modules\mysql\lib\Connection.js:526:10)
    at Socket.emit (node:events:513:28)
    at Socket.emit (node:domain:489:12)
    --------------------
    at Pool.query (C:\Users\dima\Downloads\לימודי FULL STACK\online-shop-market-express\Backend\node_modules\mysql\lib\Pool.js:199:23)
    at C:\Users\dima\Downloads\לימודי FULL STACK\online-shop-market-express\Backend\src\4-utils\dal.ts:18:20
    at new Promise (<anonymous>)
    at Object.execute (C:\Users\dima\Downloads\לימודי FULL STACK\online-shop-market-express\Backend\src\4-utils\dal.ts:15:12)
    at Object.<anonymous> (C:\Users\dima\Downloads\לימודי FULL STACK\online-shop-market-express\Backend\src\5-services\auth-services.ts:36:38)
    at Generator.next (<anonymous>)
    at fulfilled (C:\Users\dima\Downloads\לימודי FULL STACK\online-shop-market-express\Backend\src\5-services\auth-services.ts:5:58)
    at processTicksAndRejections (node:internal/process/task_queues:95:5)
----------------------------------------------------------------------------------------------------
Sat, 22 Apr 2023 15:44:06 GMT
ER_BAD_NULL_ERROR: Column 'city' cannot be null
Stack: Error: ER_BAD_NULL_ERROR: Column 'city' cannot be null
    at Query.Sequence._packetToError (C:\Users\dima\Downloads\לימודי FULL STACK\online-shop-market-express\Backend\node_modules\mysql\lib\protocol\sequences\Sequence.js:47:14)
    at Query.ErrorPacket (C:\Users\dima\Downloads\לימודי FULL STACK\online-shop-market-express\Backend\node_modules\mysql\lib\protocol\sequences\Query.js:79:18)
    at Protocol._parsePacket (C:\Users\dima\Downloads\לימודי FULL STACK\online-shop-market-express\Backend\node_modules\mysql\lib\protocol\Protocol.js:291:23)
    at Parser._parsePacket (C:\Users\dima\Downloads\לימודי FULL STACK\online-shop-market-express\Backend\node_modules\mysql\lib\protocol\Parser.js:433:10)
    at Parser.write (C:\Users\dima\Downloads\לימודי FULL STACK\online-shop-market-express\Backend\node_modules\mysql\lib\protocol\Parser.js:43:10)
    at Protocol.write (C:\Users\dima\Downloads\לימודי FULL STACK\online-shop-market-express\Backend\node_modules\mysql\lib\protocol\Protocol.js:38:16)
    at Socket.<anonymous> (C:\Users\dima\Downloads\לימודי FULL STACK\online-shop-market-express\Backend\node_modules\mysql\lib\Connection.js:88:28)
    at Socket.<anonymous> (C:\Users\dima\Downloads\לימודי FULL STACK\online-shop-market-express\Backend\node_modules\mysql\lib\Connection.js:526:10)
    at Socket.emit (node:events:513:28)
    at Socket.emit (node:domain:489:12)
    --------------------
    at Pool.query (C:\Users\dima\Downloads\לימודי FULL STACK\online-shop-market-express\Backend\node_modules\mysql\lib\Pool.js:199:23)
    at C:\Users\dima\Downloads\לימודי FULL STACK\online-shop-market-express\Backend\src\4-utils\dal.ts:18:20
    at new Promise (<anonymous>)
    at Object.execute (C:\Users\dima\Downloads\לימודי FULL STACK\online-shop-market-express\Backend\src\4-utils\dal.ts:15:12)
    at Object.<anonymous> (C:\Users\dima\Downloads\לימודי FULL STACK\online-shop-market-express\Backend\src\5-services\auth-services.ts:36:38)
    at Generator.next (<anonymous>)
    at fulfilled (C:\Users\dima\Downloads\לימודי FULL STACK\online-shop-market-express\Backend\src\5-services\auth-services.ts:5:58)
    at processTicksAndRejections (node:internal/process/task_queues:95:5)
----------------------------------------------------------------------------------------------------
Sat, 22 Apr 2023 15:45:20 GMT
ER_BAD_NULL_ERROR: Column 'idCardNumber' cannot be null
Stack: Error: ER_BAD_NULL_ERROR: Column 'idCardNumber' cannot be null
    at Query.Sequence._packetToError (C:\Users\dima\Downloads\לימודי FULL STACK\online-shop-market-express\Backend\node_modules\mysql\lib\protocol\sequences\Sequence.js:47:14)
    at Query.ErrorPacket (C:\Users\dima\Downloads\לימודי FULL STACK\online-shop-market-express\Backend\node_modules\mysql\lib\protocol\sequences\Query.js:79:18)
    at Protocol._parsePacket (C:\Users\dima\Downloads\לימודי FULL STACK\online-shop-market-express\Backend\node_modules\mysql\lib\protocol\Protocol.js:291:23)
    at Parser._parsePacket (C:\Users\dima\Downloads\לימודי FULL STACK\online-shop-market-express\Backend\node_modules\mysql\lib\protocol\Parser.js:433:10)
    at Parser.write (C:\Users\dima\Downloads\לימודי FULL STACK\online-shop-market-express\Backend\node_modules\mysql\lib\protocol\Parser.js:43:10)
    at Protocol.write (C:\Users\dima\Downloads\לימודי FULL STACK\online-shop-market-express\Backend\node_modules\mysql\lib\protocol\Protocol.js:38:16)
    at Socket.<anonymous> (C:\Users\dima\Downloads\לימודי FULL STACK\online-shop-market-express\Backend\node_modules\mysql\lib\Connection.js:88:28)
    at Socket.<anonymous> (C:\Users\dima\Downloads\לימודי FULL STACK\online-shop-market-express\Backend\node_modules\mysql\lib\Connection.js:526:10)
    at Socket.emit (node:events:513:28)
    at Socket.emit (node:domain:489:12)
    --------------------
    at Pool.query (C:\Users\dima\Downloads\לימודי FULL STACK\online-shop-market-express\Backend\node_modules\mysql\lib\Pool.js:199:23)
    at C:\Users\dima\Downloads\לימודי FULL STACK\online-shop-market-express\Backend\src\4-utils\dal.ts:18:20
    at new Promise (<anonymous>)
    at Object.execute (C:\Users\dima\Downloads\לימודי FULL STACK\online-shop-market-express\Backend\src\4-utils\dal.ts:15:12)
    at Object.<anonymous> (C:\Users\dima\Downloads\לימודי FULL STACK\online-shop-market-express\Backend\src\5-services\auth-services.ts:36:38)
    at Generator.next (<anonymous>)
    at fulfilled (C:\Users\dima\Downloads\לימודי FULL STACK\online-shop-market-express\Backend\src\5-services\auth-services.ts:5:58)
    at processTicksAndRejections (node:internal/process/task_queues:95:5)
----------------------------------------------------------------------------------------------------
Sat, 22 Apr 2023 15:47:01 GMT
Email dimonblank@gmail.com or 305560131 already taken
----------------------------------------------------------------------------------------------------
Sat, 22 Apr 2023 15:47:30 GMT
Email dimonblank@gmail.com Or ID 305560131 already taken
----------------------------------------------------------------------------------------------------
Sat, 22 Apr 2023 15:49:45 GMT
Incorrect email or password
----------------------------------------------------------------------------------------------------
Sat, 22 Apr 2023 16:04:42 GMT
Route /api/products/ not found
----------------------------------------------------------------------------------------------------
Sat, 22 Apr 2023 16:58:48 GMT
Access denied
----------------------------------------------------------------------------------------------------
Sat, 22 Apr 2023 16:59:15 GMT
ENOENT: no such file or directory, open 'C:\Users\dima\Downloads\לימודי FULL STACK\online-shop-market-express\Backend\src\1-assets\images\product-images\4c1b8202-72d9-4983-b843-d48f30381b8b.jpg'
Stack: Error: ENOENT: no such file or directory, open 'C:\Users\dima\Downloads\לימודי FULL STACK\online-shop-market-express\Backend\src\1-assets\images\product-images\4c1b8202-72d9-4983-b843-d48f30381b8b.jpg'
----------------------------------------------------------------------------------------------------
Sat, 22 Apr 2023 16:59:41 GMT
ENOENT: no such file or directory, open 'C:\Users\dima\Downloads\לימודי FULL STACK\online-shop-market-express\Backend\src\1-assets\images\product-images\213ba9c6-69ac-4bab-ae18-397b23b34e28.jpg'
Stack: Error: ENOENT: no such file or directory, open 'C:\Users\dima\Downloads\לימודי FULL STACK\online-shop-market-express\Backend\src\1-assets\images\product-images\213ba9c6-69ac-4bab-ae18-397b23b34e28.jpg'
----------------------------------------------------------------------------------------------------
Sat, 22 Apr 2023 17:07:08 GMT
ER_PARSE_ERROR: You have an error in your SQL syntax; check the manual that corresponds to your MariaDB server version for the right syntax to use near 'FROM products WHERE productCode = 'SB005'' at line 1
Stack: Error: ER_PARSE_ERROR: You have an error in your SQL syntax; check the manual that corresponds to your MariaDB server version for the right syntax to use near 'FROM products WHERE productCode = 'SB005'' at line 1
    at Query.Sequence._packetToError (C:\Users\dima\Downloads\לימודי FULL STACK\online-shop-market-express\Backend\node_modules\mysql\lib\protocol\sequences\Sequence.js:47:14)
    at Query.ErrorPacket (C:\Users\dima\Downloads\לימודי FULL STACK\online-shop-market-express\Backend\node_modules\mysql\lib\protocol\sequences\Query.js:79:18)
    at Protocol._parsePacket (C:\Users\dima\Downloads\לימודי FULL STACK\online-shop-market-express\Backend\node_modules\mysql\lib\protocol\Protocol.js:291:23)
    at Parser._parsePacket (C:\Users\dima\Downloads\לימודי FULL STACK\online-shop-market-express\Backend\node_modules\mysql\lib\protocol\Parser.js:433:10)
    at Parser.write (C:\Users\dima\Downloads\לימודי FULL STACK\online-shop-market-express\Backend\node_modules\mysql\lib\protocol\Parser.js:43:10)
    at Protocol.write (C:\Users\dima\Downloads\לימודי FULL STACK\online-shop-market-express\Backend\node_modules\mysql\lib\protocol\Protocol.js:38:16)
    at Socket.<anonymous> (C:\Users\dima\Downloads\לימודי FULL STACK\online-shop-market-express\Backend\node_modules\mysql\lib\Connection.js:88:28)
    at Socket.<anonymous> (C:\Users\dima\Downloads\לימודי FULL STACK\online-shop-market-express\Backend\node_modules\mysql\lib\Connection.js:526:10)
    at Socket.emit (node:events:513:28)
    at Socket.emit (node:domain:489:12)
    --------------------
    at Pool.query (C:\Users\dima\Downloads\לימודי FULL STACK\online-shop-market-express\Backend\node_modules\mysql\lib\Pool.js:199:23)
    at C:\Users\dima\Downloads\לימודי FULL STACK\online-shop-market-express\Backend\src\4-utils\dal.ts:18:20
    at new Promise (<anonymous>)
    at Object.execute (C:\Users\dima\Downloads\לימודי FULL STACK\online-shop-market-express\Backend\src\4-utils\dal.ts:15:12)
    at Object.<anonymous> (C:\Users\dima\Downloads\לימודי FULL STACK\online-shop-market-express\Backend\src\5-services\products-services.ts:24:26)
    at Generator.next (<anonymous>)
    at C:\Users\dima\Downloads\לימודי FULL STACK\online-shop-market-express\Backend\src\5-services\products-services.ts:8:71
    at new Promise (<anonymous>)
    at __awaiter (C:\Users\dima\Downloads\לימודי FULL STACK\online-shop-market-express\Backend\src\5-services\products-services.ts:4:12)
    at Object.addProduct (C:\Users\dima\Downloads\לימודי FULL STACK\online-shop-market-express\Backend\src\5-services\products-services.ts:33:12)
----------------------------------------------------------------------------------------------------
Sat, 22 Apr 2023 17:18:47 GMT
Route /api/products/images/609d23b1-4bc0-481b-8ecf-6b736828a562.jpg not found
----------------------------------------------------------------------------------------------------
Sat, 22 Apr 2023 17:18:47 GMT
Route /favicon.ico not found
----------------------------------------------------------------------------------------------------
Sat, 22 Apr 2023 18:57:35 GMT
Cannot read properties of undefined (reading 'name')
Stack: TypeError: Cannot read properties of undefined (reading 'name')
    at C:\Users\dima\Downloads\לימודי FULL STACK\online-shop-market-express\Backend\src\4-utils\image-handler.ts:19:27
    at Generator.next (<anonymous>)
    at C:\Users\dima\Downloads\לימודי FULL STACK\online-shop-market-express\Backend\src\4-utils\image-handler.ts:8:71
    at new Promise (<anonymous>)
    at __awaiter (C:\Users\dima\Downloads\לימודי FULL STACK\online-shop-market-express\Backend\src\4-utils\image-handler.ts:4:12)
    at saveImage (C:\Users\dima\Downloads\לימודי FULL STACK\online-shop-market-express\Backend\src\4-utils\image-handler.ts:23:12)
    at Object.<anonymous> (C:\Users\dima\Downloads\לימודי FULL STACK\online-shop-market-express\Backend\src\4-utils\image-handler.ts:30:28)
    at Generator.next (<anonymous>)
    at fulfilled (C:\Users\dima\Downloads\לימודי FULL STACK\online-shop-market-express\Backend\src\4-utils\image-handler.ts:5:58)
----------------------------------------------------------------------------------------------------
Sat, 22 Apr 2023 18:58:10 GMT
Cannot read properties of undefined (reading 'name')
Stack: TypeError: Cannot read properties of undefined (reading 'name')
    at C:\Users\dima\Downloads\לימודי FULL STACK\online-shop-market-express\Backend\src\4-utils\image-handler.ts:19:27
    at Generator.next (<anonymous>)
    at C:\Users\dima\Downloads\לימודי FULL STACK\online-shop-market-express\Backend\src\4-utils\image-handler.ts:8:71
    at new Promise (<anonymous>)
    at __awaiter (C:\Users\dima\Downloads\לימודי FULL STACK\online-shop-market-express\Backend\src\4-utils\image-handler.ts:4:12)
    at saveImage (C:\Users\dima\Downloads\לימודי FULL STACK\online-shop-market-express\Backend\src\4-utils\image-handler.ts:23:12)
    at Object.<anonymous> (C:\Users\dima\Downloads\לימודי FULL STACK\online-shop-market-express\Backend\src\4-utils\image-handler.ts:30:28)
    at Generator.next (<anonymous>)
    at fulfilled (C:\Users\dima\Downloads\לימודי FULL STACK\online-shop-market-express\Backend\src\4-utils\image-handler.ts:5:58)
----------------------------------------------------------------------------------------------------
Sat, 22 Apr 2023 19:04:08 GMT
Cannot read properties of undefined (reading 'name')
Stack: TypeError: Cannot read properties of undefined (reading 'name')
    at C:\Users\dima\Downloads\לימודי FULL STACK\online-shop-market-express\Backend\src\4-utils\image-handler.ts:19:27
    at Generator.next (<anonymous>)
    at C:\Users\dima\Downloads\לימודי FULL STACK\online-shop-market-express\Backend\src\4-utils\image-handler.ts:8:71
    at new Promise (<anonymous>)
    at __awaiter (C:\Users\dima\Downloads\לימודי FULL STACK\online-shop-market-express\Backend\src\4-utils\image-handler.ts:4:12)
    at saveImage (C:\Users\dima\Downloads\לימודי FULL STACK\online-shop-market-express\Backend\src\4-utils\image-handler.ts:23:12)
    at Object.<anonymous> (C:\Users\dima\Downloads\לימודי FULL STACK\online-shop-market-express\Backend\src\4-utils\image-handler.ts:30:28)
    at Generator.next (<anonymous>)
    at fulfilled (C:\Users\dima\Downloads\לימודי FULL STACK\online-shop-market-express\Backend\src\4-utils\image-handler.ts:5:58)
----------------------------------------------------------------------------------------------------
Sun, 23 Apr 2023 11:27:05 GMT
Email Alex@gmail.com Or ID 305560131 already taken
----------------------------------------------------------------------------------------------------
Sun, 23 Apr 2023 11:28:54 GMT
Route /api/user-update/ not found
----------------------------------------------------------------------------------------------------
Sun, 23 Apr 2023 11:29:14 GMT
ER_PARSE_ERROR: You have an error in your SQL syntax; check the manual that corresponds to your MariaDB server version for the right syntax to use near '?' at line 6
Stack: Error: ER_PARSE_ERROR: You have an error in your SQL syntax; check the manual that corresponds to your MariaDB server version for the right syntax to use near '?' at line 6
    at Query.Sequence._packetToError (C:\Users\dima\Downloads\לימודי FULL STACK\online-shop-market-express\Backend\node_modules\mysql\lib\protocol\sequences\Sequence.js:47:14)
    at Query.ErrorPacket (C:\Users\dima\Downloads\לימודי FULL STACK\online-shop-market-express\Backend\node_modules\mysql\lib\protocol\sequences\Query.js:79:18)
    at Protocol._parsePacket (C:\Users\dima\Downloads\לימודי FULL STACK\online-shop-market-express\Backend\node_modules\mysql\lib\protocol\Protocol.js:291:23)
    at Parser._parsePacket (C:\Users\dima\Downloads\לימודי FULL STACK\online-shop-market-express\Backend\node_modules\mysql\lib\protocol\Parser.js:433:10)
    at Parser.write (C:\Users\dima\Downloads\לימודי FULL STACK\online-shop-market-express\Backend\node_modules\mysql\lib\protocol\Parser.js:43:10)
    at Protocol.write (C:\Users\dima\Downloads\לימודי FULL STACK\online-shop-market-express\Backend\node_modules\mysql\lib\protocol\Protocol.js:38:16)
    at Socket.<anonymous> (C:\Users\dima\Downloads\לימודי FULL STACK\online-shop-market-express\Backend\node_modules\mysql\lib\Connection.js:88:28)
    at Socket.<anonymous> (C:\Users\dima\Downloads\לימודי FULL STACK\online-shop-market-express\Backend\node_modules\mysql\lib\Connection.js:526:10)
    at Socket.emit (node:events:513:28)
    at Socket.emit (node:domain:489:12)
    --------------------
    at Pool.query (C:\Users\dima\Downloads\לימודי FULL STACK\online-shop-market-express\Backend\node_modules\mysql\lib\Pool.js:199:23)
    at C:\Users\dima\Downloads\לימודי FULL STACK\online-shop-market-express\Backend\src\4-utils\dal.ts:18:20
    at new Promise (<anonymous>)
    at Object.execute (C:\Users\dima\Downloads\לימודי FULL STACK\online-shop-market-express\Backend\src\4-utils\dal.ts:15:12)
    at Object.<anonymous> (C:\Users\dima\Downloads\לימודי FULL STACK\online-shop-market-express\Backend\src\5-services\user-services.ts:22:38)
    at Generator.next (<anonymous>)
    at C:\Users\dima\Downloads\לימודי FULL STACK\online-shop-market-express\Backend\src\5-services\user-services.ts:8:71
    at new Promise (<anonymous>)
    at __awaiter (C:\Users\dima\Downloads\לימודי FULL STACK\online-shop-market-express\Backend\src\5-services\user-services.ts:4:12)
    at Object.updateUser (C:\Users\dima\Downloads\לימודי FULL STACK\online-shop-market-express\Backend\src\5-services\user-services.ts:18:12)
----------------------------------------------------------------------------------------------------
Sun, 23 Apr 2023 11:31:43 GMT
ER_PARSE_ERROR: You have an error in your SQL syntax; check the manual that corresponds to your MariaDB server version for the right syntax to use near '?' at line 6
Stack: Error: ER_PARSE_ERROR: You have an error in your SQL syntax; check the manual that corresponds to your MariaDB server version for the right syntax to use near '?' at line 6
    at Query.Sequence._packetToError (C:\Users\dima\Downloads\לימודי FULL STACK\online-shop-market-express\Backend\node_modules\mysql\lib\protocol\sequences\Sequence.js:47:14)
    at Query.ErrorPacket (C:\Users\dima\Downloads\לימודי FULL STACK\online-shop-market-express\Backend\node_modules\mysql\lib\protocol\sequences\Query.js:79:18)
    at Protocol._parsePacket (C:\Users\dima\Downloads\לימודי FULL STACK\online-shop-market-express\Backend\node_modules\mysql\lib\protocol\Protocol.js:291:23)
    at Parser._parsePacket (C:\Users\dima\Downloads\לימודי FULL STACK\online-shop-market-express\Backend\node_modules\mysql\lib\protocol\Parser.js:433:10)
    at Parser.write (C:\Users\dima\Downloads\לימודי FULL STACK\online-shop-market-express\Backend\node_modules\mysql\lib\protocol\Parser.js:43:10)
    at Protocol.write (C:\Users\dima\Downloads\לימודי FULL STACK\online-shop-market-express\Backend\node_modules\mysql\lib\protocol\Protocol.js:38:16)
    at Socket.<anonymous> (C:\Users\dima\Downloads\לימודי FULL STACK\online-shop-market-express\Backend\node_modules\mysql\lib\Connection.js:88:28)
    at Socket.<anonymous> (C:\Users\dima\Downloads\לימודי FULL STACK\online-shop-market-express\Backend\node_modules\mysql\lib\Connection.js:526:10)
    at Socket.emit (node:events:513:28)
    at Socket.emit (node:domain:489:12)
    --------------------
    at Pool.query (C:\Users\dima\Downloads\לימודי FULL STACK\online-shop-market-express\Backend\node_modules\mysql\lib\Pool.js:199:23)
    at C:\Users\dima\Downloads\לימודי FULL STACK\online-shop-market-express\Backend\src\4-utils\dal.ts:18:20
    at new Promise (<anonymous>)
    at Object.execute (C:\Users\dima\Downloads\לימודי FULL STACK\online-shop-market-express\Backend\src\4-utils\dal.ts:15:12)
    at Object.<anonymous> (C:\Users\dima\Downloads\לימודי FULL STACK\online-shop-market-express\Backend\src\5-services\user-services.ts:22:38)
    at Generator.next (<anonymous>)
    at C:\Users\dima\Downloads\לימודי FULL STACK\online-shop-market-express\Backend\src\5-services\user-services.ts:8:71
    at new Promise (<anonymous>)
    at __awaiter (C:\Users\dima\Downloads\לימודי FULL STACK\online-shop-market-express\Backend\src\5-services\user-services.ts:4:12)
    at Object.updateUser (C:\Users\dima\Downloads\לימודי FULL STACK\online-shop-market-express\Backend\src\5-services\user-services.ts:18:12)
----------------------------------------------------------------------------------------------------
Sun, 23 Apr 2023 11:36:25 GMT
Cannot read properties of undefined (reading 'email')
Stack: TypeError: Cannot read properties of undefined (reading 'email')
    at Object.<anonymous> (C:\Users\dima\Downloads\לימודי FULL STACK\online-shop-market-express\Backend\src\5-services\user-services.ts:31:32)
    at Generator.next (<anonymous>)
    at fulfilled (C:\Users\dima\Downloads\לימודי FULL STACK\online-shop-market-express\Backend\src\5-services\user-services.ts:5:58)
    at processTicksAndRejections (node:internal/process/task_queues:95:5)
----------------------------------------------------------------------------------------------------
